################
ChIP data: SPT5_INPUT_R1.mLb.clN.sorted.bam 
Control data: NA 
strandshift(min): -500 
strandshift(step): 5 
strandshift(max) 1500 
user-defined peak shift NA 
exclusion(min): 10 
exclusion(max): NaN 
num parallel nodes: 2 
FDR threshold: 0.01 
NumPeaks Threshold: NA 
Output Directory: . 
narrowPeak output file name: NA 
regionPeak output file name: NA 
Rdata filename: SPT5_INPUT_R1.spp.Rdata 
plot pdf filename: SPT5_INPUT_R1.spp.pdf 
result filename: SPT5_INPUT_R1.spp.out 
Overwrite files?: FALSE

Reading ChIP tagAlign/BAM file SPT5_INPUT_R1.mLb.clN.sorted.bam 
opened /tmp/Rtmp5eeYV7/SPT5_INPUT_R1.mLb.clN.sorted.tagAlign636214114be75
done. read 165868 fragments
ChIP data read length 50 
Calculating peak characteristics
Minimum cross-correlation value 0.3510675 
Minimum cross-correlation shift 1500 
Top 3 cross-correlation values 0.403354328815806 
Top 3 estimates for fragment length 150 
Window half size 210 
Phantom peak location 55 
Phantom peak Correlation 0.3575802 
Normalized Strand cross-correlation coefficient (NSC) 1.148937 
Relative Strand cross-correlation Coefficient (RSC) 8.02834 
Phantom Peak Quality Tag 2 
