
	Using Custom Genome
	Peak file = SPT5_T15_R2_peaks.broadPeak
	Genome = genome.fa
	Organism = unknown
	Using gene_ids for GTF file
	Custom annotation GTF file: genes.gtf (using transcript_id)
	Will use up to 2 CPUs in parts that can use them
	Peak/BED file conversion summary:
		BED/Header formatted lines: 999
		peakfile formatted lines: 0
		Duplicated Peak IDs: 0

	Peak File Statistics:
		Total Peaks: 999
		Redundant Peak IDs: 0
		Peaks lacking information: 0 (need at least 5 columns per peak)
		Peaks with misformatted coordinates: 0 (should be integer)
		Peaks with misformatted strand: 0 (should be either +/- or 0/1)

	Peak file looks good!

	Reading Positions...
	-----------------------
	Finding Closest TSS...
	Processing custom annotation file...
	Features that will be considered:
		exon

	7553 lines contained useful feature information
	Parsing GTF to make an annotation table from attributes...
	Features that will be considered:
		exon

	7553 lines contained useful feature information
	Prioritizing Annotations: .................
	Annotating:.................
		Annotation	Number of peaks	Total size (bp)	Log2 Ratio (obs/exp)	LogP enrichment (+values depleted)
		TTS	5354.0	2959075	-0.016	1.734
		Exon	2482.0	3272298	-1.270	1677.422
		Intron	35.0	9579	0.998	-8.794
		Intergenic	0.0	138738	-8.010	255.296
		Promoter	14361.0	5771564	0.444	-1318.671
	Annotating:................
		Annotation	Number of peaks	Total size (bp)	Log2 Ratio (obs/exp)	LogP enrichment (+values depleted)
		TTS	40.0	2934468	-2.603	158.507
		Exon	12.0	3257754	-4.490	263.484
		Intron	0.0	8680	-0.782	0.719
		Intergenic	14.0	128546	0.395	-1.683
		Promoter	933.0	5735860	0.974	-496.170
	Features that will be considered:
		exon

	7553 lines contained useful feature information
	Prioritizing Annotations: .................
	Annotating:.................
		Annotation	Number of peaks	Total size (bp)	Log2 Ratio (obs/exp)	LogP enrichment (+values depleted)
		rRNA-TTS	6.0	3240	0.017	-0.611
		pseudogene-TTS	20.0	11290	-0.047	0.691
		protein_coding-promoter	13679.0	5559876	0.427	-1117.333
		tRNA-promoter	433.0	136582	0.793	-58.784
		ncRNA-exon	0.0	55	-0.138	0.101
		protein_coding-intron	35.0	9579	0.998	-8.794
		tRNA-TTS	126.0	79074	-0.199	2.775
		snRNA-TTS	1.0	1012	-0.889	0.804
		Intergenic	0.0	138738	-8.010	255.296
		rRNA-promoter	61.0	13878	1.264	-20.340
		pseudogene-promoter	36.0	14617	0.429	-2.993
		snoRNA-TTS	30.0	13325	0.299	-1.898
		snoRNA-exon	1.0	72	2.924	-2.092
		ncRNA-promoter	51.0	15673	0.831	-9.161
		pseudogene-exon	9.0	12556	-1.352	7.111
		snoRNA-promoter	88.0	26285	0.872	-15.696
		rRNA-exon	4.0	5525	-1.338	3.603
		ncRNA-TTS	14.0	6194	0.305	-1.385
		protein_coding-TTS	5157.0	2844940	-0.013	1.489
		protein_coding-exon	2468.0	3254090	-1.270	1665.809
		snRNA-promoter	13.0	4653	0.611	-2.390
	NOTE: If this part takes more than 2 minutes, there is a good chance
		your machine ran out of memory: consider hitting ctrl+C and rerunning
		the command with "-noann"
	To capture annotation stats in a file, use "-annStats <filename>" next time
	Annotating:................
		Annotation	Number of peaks	Total size (bp)	Log2 Ratio (obs/exp)	LogP enrichment (+values depleted)
		rRNA-TTS	1.0	2445	2.304	-1.697
		pseudogene-TTS	0.0	11290	-0.953	0.935
		protein_coding-promoter	919.0	5540175	1.002	-488.746
		tRNA-promoter	10.0	123040	-0.027	0.581
		ncRNA-exon	0.0	55	-0.007	0.005
		protein_coding-intron	0.0	8680	-0.782	0.719
		tRNA-TTS	1.0	76283	-2.659	4.341
		snRNA-TTS	0.0	1012	-0.116	0.084
		Intergenic	14.0	128546	0.395	-1.683
		rRNA-promoter	0.0	11676	-0.977	0.967
		pseudogene-promoter	0.0	14617	-1.145	1.211
		snoRNA-TTS	1.0	13325	-0.142	0.360
		snoRNA-exon	0.0	72	-0.009	0.006
		ncRNA-promoter	3.0	15414	1.233	-1.985
		pseudogene-exon	0.0	12556	-1.029	1.040
		snoRNA-promoter	1.0	26285	-1.122	1.022
		rRNA-exon	0.0	2166	-0.238	0.179
		ncRNA-TTS	0.0	6126	-0.592	0.507
		protein_coding-TTS	37.0	2823987	-2.660	154.569
		protein_coding-exon	12.0	3242905	-4.484	261.876
		snRNA-promoter	0.0	4653	-0.470	0.385
	Counting Tags in Peaks from each directory...
	Organism: unknown
	Outputing Annotation File...
	Done annotating peaks file

