################
ChIP data: SPT5_T15_R1.mLb.clN.sorted.bam 
Control data: NA 
strandshift(min): -500 
strandshift(step): 5 
strandshift(max) 1500 
user-defined peak shift NA 
exclusion(min): 10 
exclusion(max): NaN 
num parallel nodes: 2 
FDR threshold: 0.01 
NumPeaks Threshold: NA 
Output Directory: . 
narrowPeak output file name: NA 
regionPeak output file name: NA 
Rdata filename: SPT5_T15_R1.spp.Rdata 
plot pdf filename: SPT5_T15_R1.spp.pdf 
result filename: SPT5_T15_R1.spp.out 
Overwrite files?: FALSE

Reading ChIP tagAlign/BAM file SPT5_T15_R1.mLb.clN.sorted.bam 
opened /tmp/RtmpxduYfW/SPT5_T15_R1.mLb.clN.sorted.tagAlign66d7289613
done. read 120648 fragments
ChIP data read length 76 
Calculating peak characteristics
Minimum cross-correlation value 0.23099 
Minimum cross-correlation shift 1500 
Top 3 cross-correlation values 0.31446295464641,0.308963669860856,0.304336949528981 
Top 3 estimates for fragment length 105,125,150 
Window half size 530 
Phantom peak location 80 
Phantom peak Correlation 0.3204331 
Normalized Strand cross-correlation coefficient (NSC) 1.36137 
Relative Strand cross-correlation Coefficient (RSC) 0.9332524 
Phantom Peak Quality Tag 0 
