Warning message:
package ‘caTools’ was built under R version 3.6.3 
Loading required package: Rcpp
################
ChIP data: SPT5_T0_R2.mLb.clN.sorted.bam 
Control data: NA 
strandshift(min): -500 
strandshift(step): 5 
strandshift(max) 1500 
user-defined peak shift NA 
exclusion(min): 10 
exclusion(max): NaN 
num parallel nodes: 2 
FDR threshold: 0.01 
NumPeaks Threshold: NA 
Output Directory: . 
narrowPeak output file name: NA 
regionPeak output file name: NA 
Rdata filename: SPT5_T0_R2.spp.Rdata 
plot pdf filename: SPT5_T0_R2.spp.pdf 
result filename: SPT5_T0_R2.spp.out 
Overwrite files?: FALSE

Reading ChIP tagAlign/BAM file SPT5_T0_R2.mLb.clN.sorted.bam 
opened /tmp/RtmpqmJZHd/SPT5_T0_R2.mLb.clN.sorted.tagAlign6490a101077e
done. read 85130 fragments
ChIP data read length 75 
Calculating peak characteristics
Minimum cross-correlation value 0.1707978 
Minimum cross-correlation shift 1500 
Top 3 cross-correlation values 0.265596918340845,0.261738491754533,0.259615204120533 
Top 3 estimates for fragment length 95,120,150 
Window half size 800 
Phantom peak location 65 
Phantom peak Correlation 0.2739129 
Normalized Strand cross-correlation coefficient (NSC) 1.555037 
Relative Strand cross-correlation Coefficient (RSC) 0.9193525 
Phantom Peak Quality Tag 0 
Warning messages:
1: package ‘Rcpp’ was built under R version 3.6.3 
2: package ‘snow’ was built under R version 3.6.3 
