[INFO   ]         multiqc : This is MultiQC v1.9
[INFO   ]         multiqc : Template    : default
[INFO   ]         multiqc : Searching   : /home/stain/src/92/work/68/199ec6aa2e3639d57438cd9f8737c8
[INFO   ]         multiqc : Only using modules custom_content, fastqc, cutadapt, samtools, picard, preseq, featureCounts, deeptools, phantompeakqualtools
[INFO   ]         multiqc : Excluding modules 'general_stats'
[INFO   ]  custom_content : nf-core-chipseq-summary: Found 1 sample (html)
[INFO   ]  custom_content : peak_count: Found 4 samples (bargraph)
[INFO   ]  custom_content : frip_score: Found 4 samples (bargraph)
[INFO   ]  custom_content : peak_annotation: Found 4 samples (bargraph)
[INFO   ]  custom_content : deseq2_pca_1: Found 4 samples (scatter)
[INFO   ]  custom_content : deseq2_clustering_1: Found 4 samples (heatmap)
[INFO   ]  custom_content : software_versions: Found 1 sample (html)
[INFO   ]  custom_content : strand_shift_correlation: Found 6 samples (linegraph)
[INFO   ]  custom_content : rsc_coefficient: Found 6 samples (bargraph)
[INFO   ]  custom_content : nsc_coefficient: Found 6 samples (bargraph)
[INFO   ] phantompeakqualtools : Found 6 logs
[INFO   ]          fastqc : Found 12 reports
[INFO   ]        cutadapt : Found 12 reports
[INFO   ]          fastqc : Found 12 reports
[INFO   ]        samtools : Found 6 stats reports
[INFO   ]        samtools : Found 6 flagstat reports
[INFO   ]        samtools : Found 6 idxstats reports
[INFO   ]        samtools : Found 6 stats reports
[INFO   ]        samtools : Found 6 flagstat reports
[INFO   ]        samtools : Found 6 idxstats reports
[INFO   ]          preseq : Found 4 reports
[INFO   ]        samtools : Found 6 stats reports
[INFO   ]        samtools : Found 6 flagstat reports
[INFO   ]        samtools : Found 6 idxstats reports
[INFO   ]          picard : Found 6 AlignmentSummaryMetrics reports
[INFO   ]          picard : Found 12 BaseDistributionByCycleMetrics reports
[INFO   ]          picard : Found 6 InsertSizeMetrics reports
[INFO   ]          picard : Found 6 MarkDuplicates reports
[INFO   ]          picard : Found 6 QualityByCycleMetrics reports
[INFO   ]          picard : Found 6 QualityScoreDistributionMetrics reports
[WARNING] plotFingerprint : Replacing duplicate sample SPT5_INPUT_R1.
[WARNING] plotFingerprint : Replacing duplicate sample SPT5_INPUT_R2.
[INFO   ]       deeptools : Found 12 total deepTools samples
[INFO   ]  feature_counts : Found 4 reports
[INFO   ]         multiqc : Compressing plot data
[INFO   ]         multiqc : Report      : multiqc_report.html
[INFO   ]         multiqc : Data        : multiqc_data
[INFO   ]         multiqc : MultiQC complete
