Warning message:
package ‘optparse’ was built under R version 3.6.3 
Warning message:
package ‘ggplot2’ was built under R version 3.6.3 
Warning message:
package ‘reshape2’ was built under R version 3.6.3 
Warning message:
package ‘scales’ was built under R version 3.6.3 
Warning message:
package ‘optparse’ was built under R version 3.6.3 
Warning message:
package ‘ggplot2’ was built under R version 3.6.3 
Warning message:
package ‘reshape2’ was built under R version 3.6.3 
Warning message:
package ‘scales’ was built under R version 3.6.3 
Using feature as id variables
Using distance as id variables
Using feature as id variables
Using distance as id variables
Using feature as id variables
Using distance as id variables
Using feature as id variables
Using distance as id variables
