Warning message:
package ‘caTools’ was built under R version 3.6.3 
Loading required package: Rcpp
################
ChIP data: SPT5_T0_R1.mLb.clN.sorted.bam 
Control data: NA 
strandshift(min): -500 
strandshift(step): 5 
strandshift(max) 1500 
user-defined peak shift NA 
exclusion(min): 10 
exclusion(max): NaN 
num parallel nodes: 2 
FDR threshold: 0.01 
NumPeaks Threshold: NA 
Output Directory: . 
narrowPeak output file name: NA 
regionPeak output file name: NA 
Rdata filename: SPT5_T0_R1.spp.Rdata 
plot pdf filename: SPT5_T0_R1.spp.pdf 
result filename: SPT5_T0_R1.spp.out 
Overwrite files?: FALSE

Reading ChIP tagAlign/BAM file SPT5_T0_R1.mLb.clN.sorted.bam 
opened /tmp/Rtmpfc9lsp/SPT5_T0_R1.mLb.clN.sorted.tagAlign6237114787c39
done. read 102102 fragments
ChIP data read length 75 
Calculating peak characteristics
Minimum cross-correlation value 0.2044355 
Minimum cross-correlation shift 1500 
Top 3 cross-correlation values 0.299658399953692,0.296153562395125,0.293031308953386 
Top 3 estimates for fragment length 95,105,125 
Window half size 545 
Phantom peak location 75 
Phantom peak Correlation 0.3087767 
Normalized Strand cross-correlation coefficient (NSC) 1.465785 
Relative Strand cross-correlation Coefficient (RSC) 0.9126109 
Phantom Peak Quality Tag 0 
Warning messages:
1: package ‘Rcpp’ was built under R version 3.6.3 
2: package ‘snow’ was built under R version 3.6.3 
