PAIRED_END_BAM_INPUT
paired = 92310
unpaired = 803
MERGED PAIRED END READS = 92310
MATES PROCESSED = 185423
TOTAL READS     = 93113
DISTINCT READS  = 87917
DISTINCT COUNTS = 12
MAX COUNT       = 13
COUNTS OF 1     = 84053
MAX TERMS       = 10
OBSERVED COUNTS (14)
1	84053
2	3023
3	576
4	157
5	56
6	18
7	19
8	7
9	4
10	2
12	1
13	1

[ESTIMATING YIELD CURVE]
[BOOTSTRAPPING HISTOGRAM]
__._.____.__..___.___.._.______.__.___...__..._______.._._.._....___.__.._.__._._________...____.___.__._.._..______.__..__.____._.____.__...._..._._._.____.__..__________.__.._____.._.__..__.________.__.__..______...___._._.__.._._____._._._.____....___.__..__._....
[COMPUTING CONFIDENCE INTERVALS]
[WRITING OUTPUT]
