Proceeding with single-core trimming (user-defined)
Path to Cutadapt set as: 'cutadapt' (default)
Cutadapt seems to be working fine (tested command 'cutadapt --version')
Cutadapt version: 2.10
single-core operation.
No quality encoding type selected. Assuming that the data provided uses Sanger encoded Phred scores (default)



AUTO-DETECTING ADAPTER TYPE
===========================
Attempting to auto-detect adapter type from the first 1 million sequences of the first file (>> SPT5_T0_R2_T1_1.fastq.gz <<)

Found perfect matches for the following adapter sequences:
Adapter type	Count	Sequence	Sequences analysed	Percentage
Nextera	21698	CTGTCTCTTATA	100000	21.70
smallRNA	0	TGGAATTCTCGG	100000	0.00
Illumina	0	AGATCGGAAGAGC	100000	0.00
Using Nextera adapter for trimming (count: 21698). Second best hit was smallRNA (count: 0)

Writing report to 'SPT5_T0_R2_T1_1.fastq.gz_trimming_report.txt'

SUMMARISING RUN PARAMETERS
==========================
Input filename: SPT5_T0_R2_T1_1.fastq.gz
Trimming mode: paired-end
Trim Galore version: 0.6.4_dev
Cutadapt version: 2.10
Number of cores used for trimming: 1
Quality Phred score cutoff: 20
Quality encoding type selected: ASCII+33
Adapter sequence: 'CTGTCTCTTATA' (Nextera Transposase sequence; auto-detected)
Maximum trimming error rate: 0.1 (default)
Minimum required adapter overlap (stringency): 1 bp
Minimum required sequence length for both reads before a sequence pair gets removed: 20 bp
Running FastQC on the data once trimming has completed
Output file(s) will be GZIP compressed

Cutadapt seems to be fairly up-to-date (version 2.10). Setting -j 1
Writing final adapter and quality trimmed output to SPT5_T0_R2_T1_1_trimmed.fq.gz


  >>> Now performing quality (cutoff '-q 20') and adapter trimming in a single pass for the adapter sequence: 'CTGTCTCTTATA' from file SPT5_T0_R2_T1_1.fastq.gz <<< 
This is cutadapt 2.10 with Python 3.7.6
Command line parameters: -j 1 -e 0.1 -q 20 -O 1 -a CTGTCTCTTATA SPT5_T0_R2_T1_1.fastq.gz
Processing reads on 1 core in single-end mode ...
Finished in 3.15 s (32 us/read; 1.90 M reads/minute).

=== Summary ===

Total reads processed:                 100,000
Reads with adapters:                    49,391 (49.4%)
Reads written (passing filters):       100,000 (100.0%)

Total basepairs processed:     7,600,000 bp
Quality-trimmed:                  34,664 bp (0.5%)
Total written (filtered):      6,909,691 bp (90.9%)

=== Adapter 1 ===

Sequence: CTGTCTCTTATA; Type: regular 3'; Length: 12; Trimmed: 49391 times

No. of allowed errors:
0-9 bp: 0; 10-12 bp: 1

Bases preceding removed adapters:
  A: 18.7%
  C: 32.4%
  G: 24.2%
  T: 24.7%
  none/other: 0.0%

Overview of removed sequences
length	count	expect	max.err	error counts
1	15750	25000.0	0	15750
2	4961	6250.0	0	4961
3	1476	1562.5	0	1476
4	831	390.6	0	831
5	652	97.7	0	652
6	594	24.4	0	594
7	543	6.1	0	543
8	630	1.5	0	630
9	613	0.4	0	611 2
10	624	0.1	1	614 10
11	643	0.0	1	636 7
12	647	0.0	1	632 15
13	700	0.0	1	688 12
14	613	0.0	1	603 10
15	716	0.0	1	707 9
16	669	0.0	1	648 21
17	703	0.0	1	684 19
18	682	0.0	1	674 8
19	748	0.0	1	738 10
20	780	0.0	1	757 23
21	818	0.0	1	801 17
22	888	0.0	1	869 19
23	647	0.0	1	635 12
24	790	0.0	1	777 13
25	770	0.0	1	761 9
26	904	0.0	1	886 18
27	819	0.0	1	800 19
28	644	0.0	1	638 6
29	809	0.0	1	785 24
30	828	0.0	1	825 3
31	788	0.0	1	773 15
32	950	0.0	1	938 12
33	733	0.0	1	723 10
34	718	0.0	1	702 16
35	742	0.0	1	732 10
36	861	0.0	1	847 14
37	611	0.0	1	604 7
38	643	0.0	1	634 9
39	525	0.0	1	513 12
40	437	0.0	1	428 9
41	244	0.0	1	239 5
42	164	0.0	1	160 4
43	93	0.0	1	91 2
44	23	0.0	1	23
45	44	0.0	1	44
46	41	0.0	1	41
47	80	0.0	1	79 1
48	71	0.0	1	71
49	59	0.0	1	55 4
50	40	0.0	1	38 2
51	7	0.0	1	7
52	5	0.0	1	5
53	3	0.0	1	3
54	1	0.0	1	1
56	3	0.0	1	3
57	3	0.0	1	2 1
58	2	0.0	1	1 1
59	1	0.0	1	1
63	1	0.0	1	0 1
65	1	0.0	1	0 1
67	1	0.0	1	0 1
68	2	0.0	1	0 2
72	1	0.0	1	0 1
76	1	0.0	1	0 1

RUN STATISTICS FOR INPUT FILE: SPT5_T0_R2_T1_1.fastq.gz
=============================================
100000 sequences processed in total
The length threshold of paired-end sequences gets evaluated later on (in the validation step)

Writing report to 'SPT5_T0_R2_T1_2.fastq.gz_trimming_report.txt'

SUMMARISING RUN PARAMETERS
==========================
Input filename: SPT5_T0_R2_T1_2.fastq.gz
Trimming mode: paired-end
Trim Galore version: 0.6.4_dev
Cutadapt version: 2.10
Number of cores used for trimming: 1
Quality Phred score cutoff: 20
Quality encoding type selected: ASCII+33
Adapter sequence: 'CTGTCTCTTATA' (Nextera Transposase sequence; auto-detected)
Maximum trimming error rate: 0.1 (default)
Minimum required adapter overlap (stringency): 1 bp
Minimum required sequence length for both reads before a sequence pair gets removed: 20 bp
Running FastQC on the data once trimming has completed
Output file(s) will be GZIP compressed

Cutadapt seems to be fairly up-to-date (version 2.10). Setting -j -j 1
Writing final adapter and quality trimmed output to SPT5_T0_R2_T1_2_trimmed.fq.gz


  >>> Now performing quality (cutoff '-q 20') and adapter trimming in a single pass for the adapter sequence: 'CTGTCTCTTATA' from file SPT5_T0_R2_T1_2.fastq.gz <<< 
This is cutadapt 2.10 with Python 3.7.6
Command line parameters: -j 1 -e 0.1 -q 20 -O 1 -a CTGTCTCTTATA SPT5_T0_R2_T1_2.fastq.gz
Processing reads on 1 core in single-end mode ...
Finished in 3.64 s (36 us/read; 1.65 M reads/minute).

=== Summary ===

Total reads processed:                 100,000
Reads with adapters:                    49,448 (49.4%)
Reads written (passing filters):       100,000 (100.0%)

Total basepairs processed:     7,600,000 bp
Quality-trimmed:                  57,789 bp (0.8%)
Total written (filtered):      6,889,729 bp (90.7%)

=== Adapter 1 ===

Sequence: CTGTCTCTTATA; Type: regular 3'; Length: 12; Trimmed: 49448 times

No. of allowed errors:
0-9 bp: 0; 10-12 bp: 1

Bases preceding removed adapters:
  A: 18.7%
  C: 31.2%
  G: 24.6%
  T: 25.5%
  none/other: 0.0%

Overview of removed sequences
length	count	expect	max.err	error counts
1	16031	25000.0	0	16031
2	4874	6250.0	0	4874
3	1540	1562.5	0	1540
4	807	390.6	0	807
5	642	97.7	0	642
6	602	24.4	0	602
7	535	6.1	0	535
8	618	1.5	0	618
9	608	0.4	0	607 1
10	618	0.1	1	607 11
11	619	0.0	1	608 11
12	650	0.0	1	633 17
13	673	0.0	1	658 15
14	634	0.0	1	622 12
15	680	0.0	1	671 9
16	712	0.0	1	697 15
17	687	0.0	1	672 15
18	673	0.0	1	659 14
19	786	0.0	1	765 21
20	1145	0.0	1	1137 8
21	387	0.0	1	372 15
22	792	0.0	1	781 11
23	747	0.0	1	742 5
24	777	0.0	1	765 12
25	776	0.0	1	754 22
26	868	0.0	1	857 11
27	737	0.0	1	724 13
28	772	0.0	1	761 11
29	962	0.0	1	950 12
30	587	0.0	1	576 11
31	831	0.0	1	816 15
32	823	0.0	1	808 15
33	853	0.0	1	830 23
34	716	0.0	1	707 9
35	715	0.0	1	701 14
36	770	0.0	1	761 9
37	674	0.0	1	662 12
38	648	0.0	1	632 16
39	545	0.0	1	537 8
40	404	0.0	1	396 8
41	254	0.0	1	249 5
42	129	0.0	1	127 2
43	102	0.0	1	102
44	53	0.0	1	53
45	40	0.0	1	40
46	51	0.0	1	51
47	82	0.0	1	78 4
48	70	0.0	1	68 2
49	59	0.0	1	57 2
50	47	0.0	1	45 2
51	8	0.0	1	7 1
52	7	0.0	1	6 1
53	5	0.0	1	4 1
54	1	0.0	1	1
55	2	0.0	1	2
56	4	0.0	1	2 2
57	5	0.0	1	3 2
58	2	0.0	1	2
59	3	0.0	1	3
63	1	0.0	1	0 1
65	1	0.0	1	0 1
66	1	0.0	1	0 1
67	1	0.0	1	0 1
68	1	0.0	1	0 1
73	1	0.0	1	0 1

RUN STATISTICS FOR INPUT FILE: SPT5_T0_R2_T1_2.fastq.gz
=============================================
100000 sequences processed in total
The length threshold of paired-end sequences gets evaluated later on (in the validation step)

Validate paired-end files SPT5_T0_R2_T1_1_trimmed.fq.gz and SPT5_T0_R2_T1_2_trimmed.fq.gz
file_1: SPT5_T0_R2_T1_1_trimmed.fq.gz, file_2: SPT5_T0_R2_T1_2_trimmed.fq.gz


>>>>> Now validing the length of the 2 paired-end infiles: SPT5_T0_R2_T1_1_trimmed.fq.gz and SPT5_T0_R2_T1_2_trimmed.fq.gz <<<<<
Writing validated paired-end Read 1 reads to SPT5_T0_R2_T1_1_val_1.fq.gz
Writing validated paired-end Read 2 reads to SPT5_T0_R2_T1_2_val_2.fq.gz

Total number of sequences analysed: 100000

Number of sequence pairs removed because at least one read was shorter than the length cutoff (20 bp): 290 (0.29%)


  >>> Now running FastQC on the validated data SPT5_T0_R2_T1_1_val_1.fq.gz<<<

Started analysis of SPT5_T0_R2_T1_1_val_1.fq.gz
Approx 5% complete for SPT5_T0_R2_T1_1_val_1.fq.gz
Approx 10% complete for SPT5_T0_R2_T1_1_val_1.fq.gz
Approx 15% complete for SPT5_T0_R2_T1_1_val_1.fq.gz
Approx 20% complete for SPT5_T0_R2_T1_1_val_1.fq.gz
Approx 25% complete for SPT5_T0_R2_T1_1_val_1.fq.gz
Approx 30% complete for SPT5_T0_R2_T1_1_val_1.fq.gz
Approx 35% complete for SPT5_T0_R2_T1_1_val_1.fq.gz
Approx 40% complete for SPT5_T0_R2_T1_1_val_1.fq.gz
Approx 45% complete for SPT5_T0_R2_T1_1_val_1.fq.gz
Approx 50% complete for SPT5_T0_R2_T1_1_val_1.fq.gz
Approx 55% complete for SPT5_T0_R2_T1_1_val_1.fq.gz
Approx 60% complete for SPT5_T0_R2_T1_1_val_1.fq.gz
Approx 65% complete for SPT5_T0_R2_T1_1_val_1.fq.gz
Approx 70% complete for SPT5_T0_R2_T1_1_val_1.fq.gz
Approx 75% complete for SPT5_T0_R2_T1_1_val_1.fq.gz
Approx 80% complete for SPT5_T0_R2_T1_1_val_1.fq.gz
Approx 85% complete for SPT5_T0_R2_T1_1_val_1.fq.gz
Approx 90% complete for SPT5_T0_R2_T1_1_val_1.fq.gz
Approx 95% complete for SPT5_T0_R2_T1_1_val_1.fq.gz

  >>> Now running FastQC on the validated data SPT5_T0_R2_T1_2_val_2.fq.gz<<<

Started analysis of SPT5_T0_R2_T1_2_val_2.fq.gz
Approx 5% complete for SPT5_T0_R2_T1_2_val_2.fq.gz
Approx 10% complete for SPT5_T0_R2_T1_2_val_2.fq.gz
Approx 15% complete for SPT5_T0_R2_T1_2_val_2.fq.gz
Approx 20% complete for SPT5_T0_R2_T1_2_val_2.fq.gz
Approx 25% complete for SPT5_T0_R2_T1_2_val_2.fq.gz
Approx 30% complete for SPT5_T0_R2_T1_2_val_2.fq.gz
Approx 35% complete for SPT5_T0_R2_T1_2_val_2.fq.gz
Approx 40% complete for SPT5_T0_R2_T1_2_val_2.fq.gz
Approx 45% complete for SPT5_T0_R2_T1_2_val_2.fq.gz
Approx 50% complete for SPT5_T0_R2_T1_2_val_2.fq.gz
Approx 55% complete for SPT5_T0_R2_T1_2_val_2.fq.gz
Approx 60% complete for SPT5_T0_R2_T1_2_val_2.fq.gz
Approx 65% complete for SPT5_T0_R2_T1_2_val_2.fq.gz
Approx 70% complete for SPT5_T0_R2_T1_2_val_2.fq.gz
Approx 75% complete for SPT5_T0_R2_T1_2_val_2.fq.gz
Approx 80% complete for SPT5_T0_R2_T1_2_val_2.fq.gz
Approx 85% complete for SPT5_T0_R2_T1_2_val_2.fq.gz
Approx 90% complete for SPT5_T0_R2_T1_2_val_2.fq.gz
Approx 95% complete for SPT5_T0_R2_T1_2_val_2.fq.gz
Deleting both intermediate output files SPT5_T0_R2_T1_1_trimmed.fq.gz and SPT5_T0_R2_T1_2_trimmed.fq.gz

====================================================================================================

