PAIRED_END_BAM_INPUT
paired = 94767
unpaired = 803
MERGED PAIRED END READS = 94767
MATES PROCESSED = 190337
TOTAL READS     = 95570
DISTINCT READS  = 91131
DISTINCT COUNTS = 12
MAX COUNT       = 16
COUNTS OF 1     = 87807
MAX TERMS       = 10
OBSERVED COUNTS (17)
1	87807
2	2610
3	483
4	135
5	61
6	20
7	8
8	1
9	3
10	1
12	1
16	1

[ESTIMATING YIELD CURVE]
[BOOTSTRAPPING HISTOGRAM]
___._____.._____________.._______._.._.____....____.._.._____.___..___.______.._____..___________._____.___._.____.._________._______._______._____.___..__.______..___.______._...___.___.______.____._.__________________.._..__.___._____.__________._________..___.__..___._._.._.______.___.___.___.____._.____________..___________.____._.___________.____.______.______._..___.._._..__..____.__._._____._.._._______.
[COMPUTING CONFIDENCE INTERVALS]
[WRITING OUTPUT]
