Warning message:
package ‘caTools’ was built under R version 3.6.3 
Loading required package: Rcpp
################
ChIP data: SPT5_T15_R2.mLb.clN.sorted.bam 
Control data: NA 
strandshift(min): -500 
strandshift(step): 5 
strandshift(max) 1500 
user-defined peak shift NA 
exclusion(min): 10 
exclusion(max): NaN 
num parallel nodes: 2 
FDR threshold: 0.01 
NumPeaks Threshold: NA 
Output Directory: . 
narrowPeak output file name: NA 
regionPeak output file name: NA 
Rdata filename: SPT5_T15_R2.spp.Rdata 
plot pdf filename: SPT5_T15_R2.spp.pdf 
result filename: SPT5_T15_R2.spp.out 
Overwrite files?: FALSE

Reading ChIP tagAlign/BAM file SPT5_T15_R2.mLb.clN.sorted.bam 
opened /tmp/Rtmpo90ado/SPT5_T15_R2.mLb.clN.sorted.tagAlign687c31f44c54a
done. read 122870 fragments
ChIP data read length 75 
Calculating peak characteristics
Minimum cross-correlation value 0.2357345 
Minimum cross-correlation shift 1500 
Top 3 cross-correlation values 0.317321131488464,0.314671932873231,0.30751941062194 
Top 3 estimates for fragment length 95,105,125 
Window half size 565 
Phantom peak location 65 
Phantom peak Correlation 0.3270446 
Normalized Strand cross-correlation coefficient (NSC) 1.346095 
Relative Strand cross-correlation Coefficient (RSC) 0.8935111 
Phantom Peak Quality Tag 0 
Warning messages:
1: package ‘Rcpp’ was built under R version 3.6.3 
2: package ‘snow’ was built under R version 3.6.3 
