PAIRED_END_BAM_INPUT
paired = 93805
unpaired = 798
MERGED PAIRED END READS = 93805
MATES PROCESSED = 188408
TOTAL READS     = 94603
DISTINCT READS  = 91697
DISTINCT COUNTS = 10
MAX COUNT       = 11
COUNTS OF 1     = 89420
MAX TERMS       = 8
OBSERVED COUNTS (12)
1	89420
2	1852
3	306
4	77
5	19
6	12
7	7
8	1
9	2
11	1

[ESTIMATING YIELD CURVE]
[BOOTSTRAPPING HISTOGRAM]
._........._....._..........._._......._......__._._........_.__.__._........_..._.._._..._..._....__._..._..._......._..._......
[COMPUTING CONFIDENCE INTERVALS]
[WRITING OUTPUT]
