Proceeding with single-core trimming (user-defined)
Path to Cutadapt set as: 'cutadapt' (default)
Cutadapt seems to be working fine (tested command 'cutadapt --version')
Cutadapt version: 2.10
single-core operation.
No quality encoding type selected. Assuming that the data provided uses Sanger encoded Phred scores (default)



AUTO-DETECTING ADAPTER TYPE
===========================
Attempting to auto-detect adapter type from the first 1 million sequences of the first file (>> SPT5_T15_R2_T1_1.fastq.gz <<)

Found perfect matches for the following adapter sequences:
Adapter type	Count	Sequence	Sequences analysed	Percentage
Nextera	21824	CTGTCTCTTATA	100000	21.82
Illumina	0	AGATCGGAAGAGC	100000	0.00
smallRNA	0	TGGAATTCTCGG	100000	0.00
Using Nextera adapter for trimming (count: 21824). Second best hit was Illumina (count: 0)

Writing report to 'SPT5_T15_R2_T1_1.fastq.gz_trimming_report.txt'

SUMMARISING RUN PARAMETERS
==========================
Input filename: SPT5_T15_R2_T1_1.fastq.gz
Trimming mode: paired-end
Trim Galore version: 0.6.4_dev
Cutadapt version: 2.10
Number of cores used for trimming: 1
Quality Phred score cutoff: 20
Quality encoding type selected: ASCII+33
Adapter sequence: 'CTGTCTCTTATA' (Nextera Transposase sequence; auto-detected)
Maximum trimming error rate: 0.1 (default)
Minimum required adapter overlap (stringency): 1 bp
Minimum required sequence length for both reads before a sequence pair gets removed: 20 bp
Running FastQC on the data once trimming has completed
Output file(s) will be GZIP compressed

Cutadapt seems to be fairly up-to-date (version 2.10). Setting -j 1
Writing final adapter and quality trimmed output to SPT5_T15_R2_T1_1_trimmed.fq.gz


  >>> Now performing quality (cutoff '-q 20') and adapter trimming in a single pass for the adapter sequence: 'CTGTCTCTTATA' from file SPT5_T15_R2_T1_1.fastq.gz <<< 
This is cutadapt 2.10 with Python 3.7.6
Command line parameters: -j 1 -e 0.1 -q 20 -O 1 -a CTGTCTCTTATA SPT5_T15_R2_T1_1.fastq.gz
Processing reads on 1 core in single-end mode ...
Finished in 3.60 s (36 us/read; 1.67 M reads/minute).

=== Summary ===

Total reads processed:                 100,000
Reads with adapters:                    49,734 (49.7%)
Reads written (passing filters):       100,000 (100.0%)

Total basepairs processed:     7,600,000 bp
Quality-trimmed:                  19,349 bp (0.3%)
Total written (filtered):      6,930,553 bp (91.2%)

=== Adapter 1 ===

Sequence: CTGTCTCTTATA; Type: regular 3'; Length: 12; Trimmed: 49734 times

No. of allowed errors:
0-9 bp: 0; 10-12 bp: 1

Bases preceding removed adapters:
  A: 18.3%
  C: 32.6%
  G: 24.1%
  T: 25.0%
  none/other: 0.0%

Overview of removed sequences
length	count	expect	max.err	error counts
1	15739	25000.0	0	15739
2	4863	6250.0	0	4863
3	1435	1562.5	0	1435
4	813	390.6	0	813
5	666	97.7	0	666
6	671	24.4	0	671
7	669	6.1	0	669
8	687	1.5	0	687
9	674	0.4	0	673 1
10	661	0.1	1	648 13
11	660	0.0	1	652 8
12	659	0.0	1	652 7
13	705	0.0	1	695 10
14	650	0.0	1	639 11
15	732	0.0	1	715 17
16	677	0.0	1	666 11
17	756	0.0	1	744 12
18	743	0.0	1	729 14
19	834	0.0	1	820 14
20	802	0.0	1	785 17
21	833	0.0	1	816 17
22	886	0.0	1	874 12
23	636	0.0	1	622 14
24	755	0.0	1	748 7
25	782	0.0	1	773 9
26	887	0.0	1	869 18
27	940	0.0	1	919 21
28	780	0.0	1	768 12
29	929	0.0	1	908 21
30	919	0.0	1	905 14
31	870	0.0	1	859 11
32	1025	0.0	1	1006 19
33	653	0.0	1	643 10
34	791	0.0	1	774 17
35	640	0.0	1	620 20
36	673	0.0	1	656 17
37	654	0.0	1	644 10
38	574	0.0	1	560 14
39	469	0.0	1	468 1
40	341	0.0	1	338 3
41	172	0.0	1	169 3
42	109	0.0	1	108 1
43	50	0.0	1	48 2
44	19	0.0	1	19
45	50	0.0	1	50
46	22	0.0	1	22
47	52	0.0	1	52
48	54	0.0	1	54
49	45	0.0	1	45
50	16	0.0	1	16
51	3	0.0	1	2 1
52	1	0.0	1	0 1
63	1	0.0	1	0 1
64	1	0.0	1	0 1
65	3	0.0	1	0 3
68	3	0.0	1	0 3

RUN STATISTICS FOR INPUT FILE: SPT5_T15_R2_T1_1.fastq.gz
=============================================
100000 sequences processed in total
The length threshold of paired-end sequences gets evaluated later on (in the validation step)

Writing report to 'SPT5_T15_R2_T1_2.fastq.gz_trimming_report.txt'

SUMMARISING RUN PARAMETERS
==========================
Input filename: SPT5_T15_R2_T1_2.fastq.gz
Trimming mode: paired-end
Trim Galore version: 0.6.4_dev
Cutadapt version: 2.10
Number of cores used for trimming: 1
Quality Phred score cutoff: 20
Quality encoding type selected: ASCII+33
Adapter sequence: 'CTGTCTCTTATA' (Nextera Transposase sequence; auto-detected)
Maximum trimming error rate: 0.1 (default)
Minimum required adapter overlap (stringency): 1 bp
Minimum required sequence length for both reads before a sequence pair gets removed: 20 bp
Running FastQC on the data once trimming has completed
Output file(s) will be GZIP compressed

Cutadapt seems to be fairly up-to-date (version 2.10). Setting -j -j 1
Writing final adapter and quality trimmed output to SPT5_T15_R2_T1_2_trimmed.fq.gz


  >>> Now performing quality (cutoff '-q 20') and adapter trimming in a single pass for the adapter sequence: 'CTGTCTCTTATA' from file SPT5_T15_R2_T1_2.fastq.gz <<< 
This is cutadapt 2.10 with Python 3.7.6
Command line parameters: -j 1 -e 0.1 -q 20 -O 1 -a CTGTCTCTTATA SPT5_T15_R2_T1_2.fastq.gz
Processing reads on 1 core in single-end mode ...
Finished in 3.27 s (33 us/read; 1.83 M reads/minute).

=== Summary ===

Total reads processed:                 100,000
Reads with adapters:                    49,019 (49.0%)
Reads written (passing filters):       100,000 (100.0%)

Total basepairs processed:     7,600,000 bp
Quality-trimmed:                  43,321 bp (0.6%)
Total written (filtered):      6,913,468 bp (91.0%)

=== Adapter 1 ===

Sequence: CTGTCTCTTATA; Type: regular 3'; Length: 12; Trimmed: 49019 times

No. of allowed errors:
0-9 bp: 0; 10-12 bp: 1

Bases preceding removed adapters:
  A: 18.4%
  C: 31.8%
  G: 24.2%
  T: 25.5%
  none/other: 0.0%

Overview of removed sequences
length	count	expect	max.err	error counts
1	15396	25000.0	0	15396
2	4667	6250.0	0	4667
3	1485	1562.5	0	1485
4	831	390.6	0	831
5	673	97.7	0	673
6	670	24.4	0	670
7	652	6.1	0	652
8	695	1.5	0	695
9	666	0.4	0	665 1
10	650	0.1	1	640 10
11	655	0.0	1	646 9
12	673	0.0	1	656 17
13	670	0.0	1	659 11
14	661	0.0	1	649 12
15	697	0.0	1	682 15
16	724	0.0	1	704 20
17	721	0.0	1	707 14
18	746	0.0	1	730 16
19	871	0.0	1	852 19
20	1144	0.0	1	1131 13
21	392	0.0	1	388 4
22	792	0.0	1	770 22
23	743	0.0	1	727 16
24	760	0.0	1	745 15
25	803	0.0	1	788 15
26	830	0.0	1	820 10
27	878	0.0	1	860 18
28	888	0.0	1	865 23
29	1082	0.0	1	1069 13
30	679	0.0	1	673 6
31	908	0.0	1	889 19
32	850	0.0	1	841 9
33	787	0.0	1	768 19
34	753	0.0	1	737 16
35	644	0.0	1	633 11
36	688	0.0	1	679 9
37	614	0.0	1	608 6
38	581	0.0	1	567 14
39	446	0.0	1	435 11
40	360	0.0	1	356 4
41	164	0.0	1	159 5
42	75	0.0	1	74 1
43	48	0.0	1	48
44	34	0.0	1	33 1
45	36	0.0	1	33 3
46	47	0.0	1	47
47	59	0.0	1	59
48	57	0.0	1	53 4
49	43	0.0	1	42 1
50	19	0.0	1	19
51	2	0.0	1	2
53	1	0.0	1	0 1
59	1	0.0	1	0 1
60	1	0.0	1	0 1
63	1	0.0	1	0 1
65	1	0.0	1	0 1
68	5	0.0	1	0 5

RUN STATISTICS FOR INPUT FILE: SPT5_T15_R2_T1_2.fastq.gz
=============================================
100000 sequences processed in total
The length threshold of paired-end sequences gets evaluated later on (in the validation step)

Validate paired-end files SPT5_T15_R2_T1_1_trimmed.fq.gz and SPT5_T15_R2_T1_2_trimmed.fq.gz
file_1: SPT5_T15_R2_T1_1_trimmed.fq.gz, file_2: SPT5_T15_R2_T1_2_trimmed.fq.gz


>>>>> Now validing the length of the 2 paired-end infiles: SPT5_T15_R2_T1_1_trimmed.fq.gz and SPT5_T15_R2_T1_2_trimmed.fq.gz <<<<<
Writing validated paired-end Read 1 reads to SPT5_T15_R2_T1_1_val_1.fq.gz
Writing validated paired-end Read 2 reads to SPT5_T15_R2_T1_2_val_2.fq.gz

Total number of sequences analysed: 100000

Number of sequence pairs removed because at least one read was shorter than the length cutoff (20 bp): 263 (0.26%)


  >>> Now running FastQC on the validated data SPT5_T15_R2_T1_1_val_1.fq.gz<<<

Started analysis of SPT5_T15_R2_T1_1_val_1.fq.gz
Approx 5% complete for SPT5_T15_R2_T1_1_val_1.fq.gz
Approx 10% complete for SPT5_T15_R2_T1_1_val_1.fq.gz
Approx 15% complete for SPT5_T15_R2_T1_1_val_1.fq.gz
Approx 20% complete for SPT5_T15_R2_T1_1_val_1.fq.gz
Approx 25% complete for SPT5_T15_R2_T1_1_val_1.fq.gz
Approx 30% complete for SPT5_T15_R2_T1_1_val_1.fq.gz
Approx 35% complete for SPT5_T15_R2_T1_1_val_1.fq.gz
Approx 40% complete for SPT5_T15_R2_T1_1_val_1.fq.gz
Approx 45% complete for SPT5_T15_R2_T1_1_val_1.fq.gz
Approx 50% complete for SPT5_T15_R2_T1_1_val_1.fq.gz
Approx 55% complete for SPT5_T15_R2_T1_1_val_1.fq.gz
Approx 60% complete for SPT5_T15_R2_T1_1_val_1.fq.gz
Approx 65% complete for SPT5_T15_R2_T1_1_val_1.fq.gz
Approx 70% complete for SPT5_T15_R2_T1_1_val_1.fq.gz
Approx 75% complete for SPT5_T15_R2_T1_1_val_1.fq.gz
Approx 80% complete for SPT5_T15_R2_T1_1_val_1.fq.gz
Approx 85% complete for SPT5_T15_R2_T1_1_val_1.fq.gz
Approx 90% complete for SPT5_T15_R2_T1_1_val_1.fq.gz
Approx 95% complete for SPT5_T15_R2_T1_1_val_1.fq.gz
Analysis complete for SPT5_T15_R2_T1_1_val_1.fq.gz

  >>> Now running FastQC on the validated data SPT5_T15_R2_T1_2_val_2.fq.gz<<<

Started analysis of SPT5_T15_R2_T1_2_val_2.fq.gz
Approx 5% complete for SPT5_T15_R2_T1_2_val_2.fq.gz
Approx 10% complete for SPT5_T15_R2_T1_2_val_2.fq.gz
Approx 15% complete for SPT5_T15_R2_T1_2_val_2.fq.gz
Approx 20% complete for SPT5_T15_R2_T1_2_val_2.fq.gz
Approx 25% complete for SPT5_T15_R2_T1_2_val_2.fq.gz
Approx 30% complete for SPT5_T15_R2_T1_2_val_2.fq.gz
Approx 35% complete for SPT5_T15_R2_T1_2_val_2.fq.gz
Approx 40% complete for SPT5_T15_R2_T1_2_val_2.fq.gz
Approx 45% complete for SPT5_T15_R2_T1_2_val_2.fq.gz
Approx 50% complete for SPT5_T15_R2_T1_2_val_2.fq.gz
Approx 55% complete for SPT5_T15_R2_T1_2_val_2.fq.gz
Approx 60% complete for SPT5_T15_R2_T1_2_val_2.fq.gz
Approx 65% complete for SPT5_T15_R2_T1_2_val_2.fq.gz
Approx 70% complete for SPT5_T15_R2_T1_2_val_2.fq.gz
Approx 75% complete for SPT5_T15_R2_T1_2_val_2.fq.gz
Approx 80% complete for SPT5_T15_R2_T1_2_val_2.fq.gz
Approx 85% complete for SPT5_T15_R2_T1_2_val_2.fq.gz
Approx 90% complete for SPT5_T15_R2_T1_2_val_2.fq.gz
Approx 95% complete for SPT5_T15_R2_T1_2_val_2.fq.gz
Analysis complete for SPT5_T15_R2_T1_2_val_2.fq.gz
Deleting both intermediate output files SPT5_T15_R2_T1_1_trimmed.fq.gz and SPT5_T15_R2_T1_2_trimmed.fq.gz

====================================================================================================

