
	Using Custom Genome
	Peak file = SPT5.consensus_peaks.bed
	Genome = genome.fa
	Organism = unknown
	Using gene_ids for GTF file
	Custom annotation GTF file: genes.gtf (using transcript_id)
	Will use up to 2 CPUs in parts that can use them
	Peak/BED file conversion summary:
		BED/Header formatted lines: 1472
		peakfile formatted lines: 0
		Duplicated Peak IDs: 0

	Peak File Statistics:
		Total Peaks: 1472
		Redundant Peak IDs: 0
		Peaks lacking information: 0 (need at least 5 columns per peak)
		Peaks with misformatted coordinates: 0 (should be integer)
		Peaks with misformatted strand: 0 (should be either +/- or 0/1)

	Peak file looks good!

	Reading Positions...
	-----------------------
	Finding Closest TSS...
	Processing custom annotation file...
	Features that will be considered:
		exon

	7553 lines contained useful feature information
	Parsing GTF to make an annotation table from attributes...
	Features that will be considered:
		exon

	7553 lines contained useful feature information
	Prioritizing Annotations: .................
	Annotating:.................
		Annotation	Number of peaks	Total size (bp)	Log2 Ratio (obs/exp)	LogP enrichment (+values depleted)
		TTS	5354.0	2959075	-0.016	1.734
		Exon	2482.0	3272298	-1.270	1677.422
		Intron	35.0	9579	0.998	-8.794
		Intergenic	0.0	138738	-8.010	255.296
		Promoter	14361.0	5771564	0.444	-1318.671
	Annotating:.................
		Annotation	Number of peaks	Total size (bp)	Log2 Ratio (obs/exp)	LogP enrichment (+values depleted)
		TTS	75.0	2959075	-2.257	202.364
		Exon	28.0	3272298	-3.823	353.639
		Intron	0.0	9579	-1.112	1.161
		Intergenic	22.0	138738	0.388	-2.066
		Promoter	1347.0	5771564	0.946	-658.774
	Features that will be considered:
		exon

	7553 lines contained useful feature information
	Prioritizing Annotations: .................
	Annotating:.................
		Annotation	Number of peaks	Total size (bp)	Log2 Ratio (obs/exp)	LogP enrichment (+values depleted)
		rRNA-TTS	6.0	3240	0.017	-0.611
		pseudogene-TTS	20.0	11290	-0.047	0.691
		protein_coding-promoter	13679.0	5559876	0.427	-1117.333
		tRNA-promoter	433.0	136582	0.793	-58.784
		ncRNA-exon	0.0	55	-0.138	0.101
		protein_coding-intron	35.0	9579	0.998	-8.794
		tRNA-TTS	126.0	79074	-0.199	2.775
		snRNA-TTS	1.0	1012	-0.889	0.804
		Intergenic	0.0	138738	-8.010	255.296
		rRNA-promoter	61.0	13878	1.264	-20.340
		pseudogene-promoter	36.0	14617	0.429	-2.993
		snoRNA-TTS	30.0	13325	0.299	-1.898
		snoRNA-exon	1.0	72	2.924	-2.092
		ncRNA-promoter	51.0	15673	0.831	-9.161
		pseudogene-exon	9.0	12556	-1.352	7.111
		snoRNA-promoter	88.0	26285	0.872	-15.696
		rRNA-exon	4.0	5525	-1.338	3.603
		ncRNA-TTS	14.0	6194	0.305	-1.385
		protein_coding-TTS	5157.0	2844940	-0.013	1.489
		protein_coding-exon	2468.0	3254090	-1.270	1665.809
		snRNA-promoter	13.0	4653	0.611	-2.390
	NOTE: If this part takes more than 2 minutes, there is a good chance
		your machine ran out of memory: consider hitting ctrl+C and rerunning
		the command with "-noann"
	To capture annotation stats in a file, use "-annStats <filename>" next time
	Annotating:.................
		Annotation	Number of peaks	Total size (bp)	Log2 Ratio (obs/exp)	LogP enrichment (+values depleted)
		rRNA-TTS	1.0	3240	1.349	-1.125
		pseudogene-TTS	1.0	11290	-0.452	0.506
		protein_coding-promoter	1311.0	5559876	0.961	-618.642
		tRNA-promoter	27.0	136582	0.707	-4.537
		ncRNA-exon	0.0	55	-0.010	0.007
		protein_coding-intron	0.0	9579	-1.112	1.161
		tRNA-TTS	7.0	79074	-0.453	1.348
		snRNA-TTS	0.0	1012	-0.167	0.123
		Intergenic	22.0	138738	0.388	-2.066
		rRNA-promoter	0.0	13878	-1.424	1.682
		pseudogene-promoter	0.0	14617	-1.471	1.772
		snoRNA-TTS	1.0	13325	-0.691	0.653
		snoRNA-exon	0.0	72	-0.013	0.009
		ncRNA-promoter	3.0	15673	0.660	-1.218
		pseudogene-exon	1.0	12556	-0.605	0.597
		snoRNA-promoter	5.0	26285	0.651	-1.531
		rRNA-exon	0.0	5525	-0.740	0.669
		ncRNA-TTS	0.0	6194	-0.808	0.751
		protein_coding-TTS	65.0	2844940	-2.407	206.154
		protein_coding-exon	27.0	3254090	-3.868	353.776
		snRNA-promoter	1.0	4653	0.827	-0.842
	Counting Tags in Peaks from each directory...
	Organism: unknown
	Outputing Annotation File...
	Done annotating peaks file

