Proceeding with single-core trimming (user-defined)
Path to Cutadapt set as: 'cutadapt' (default)
Cutadapt seems to be working fine (tested command 'cutadapt --version')
Cutadapt version: 2.10
single-core operation.
No quality encoding type selected. Assuming that the data provided uses Sanger encoded Phred scores (default)



AUTO-DETECTING ADAPTER TYPE
===========================
Attempting to auto-detect adapter type from the first 1 million sequences of the first file (>> SPT5_T0_R1_T1_1.fastq.gz <<)

Found perfect matches for the following adapter sequences:
Adapter type	Count	Sequence	Sequences analysed	Percentage
Nextera	25461	CTGTCTCTTATA	100000	25.46
Illumina	0	AGATCGGAAGAGC	100000	0.00
smallRNA	0	TGGAATTCTCGG	100000	0.00
Using Nextera adapter for trimming (count: 25461). Second best hit was Illumina (count: 0)

Writing report to 'SPT5_T0_R1_T1_1.fastq.gz_trimming_report.txt'

SUMMARISING RUN PARAMETERS
==========================
Input filename: SPT5_T0_R1_T1_1.fastq.gz
Trimming mode: paired-end
Trim Galore version: 0.6.4_dev
Cutadapt version: 2.10
Number of cores used for trimming: 1
Quality Phred score cutoff: 20
Quality encoding type selected: ASCII+33
Adapter sequence: 'CTGTCTCTTATA' (Nextera Transposase sequence; auto-detected)
Maximum trimming error rate: 0.1 (default)
Minimum required adapter overlap (stringency): 1 bp
Minimum required sequence length for both reads before a sequence pair gets removed: 20 bp
Running FastQC on the data once trimming has completed
Output file(s) will be GZIP compressed

Cutadapt seems to be fairly up-to-date (version 2.10). Setting -j 1
Writing final adapter and quality trimmed output to SPT5_T0_R1_T1_1_trimmed.fq.gz


  >>> Now performing quality (cutoff '-q 20') and adapter trimming in a single pass for the adapter sequence: 'CTGTCTCTTATA' from file SPT5_T0_R1_T1_1.fastq.gz <<< 
This is cutadapt 2.10 with Python 3.7.6
Command line parameters: -j 1 -e 0.1 -q 20 -O 1 -a CTGTCTCTTATA SPT5_T0_R1_T1_1.fastq.gz
Processing reads on 1 core in single-end mode ...
Finished in 2.90 s (29 us/read; 2.07 M reads/minute).

=== Summary ===

Total reads processed:                 100,000
Reads with adapters:                    52,633 (52.6%)
Reads written (passing filters):       100,000 (100.0%)

Total basepairs processed:     7,600,000 bp
Quality-trimmed:                  22,070 bp (0.3%)
Total written (filtered):      6,811,476 bp (89.6%)

=== Adapter 1 ===

Sequence: CTGTCTCTTATA; Type: regular 3'; Length: 12; Trimmed: 52633 times

No. of allowed errors:
0-9 bp: 0; 10-12 bp: 1

Bases preceding removed adapters:
  A: 17.8%
  C: 33.5%
  G: 23.9%
  T: 24.8%
  none/other: 0.0%

Overview of removed sequences
length	count	expect	max.err	error counts
1	14765	25000.0	0	14765
2	4608	6250.0	0	4608
3	1482	1562.5	0	1482
4	872	390.6	0	872
5	706	97.7	0	706
6	728	24.4	0	728
7	668	6.1	0	668
8	694	1.5	0	694
9	687	0.4	0	685 2
10	698	0.1	1	683 15
11	731	0.0	1	717 14
12	710	0.0	1	691 19
13	730	0.0	1	713 17
14	788	0.0	1	775 13
15	919	0.0	1	905 14
16	779	0.0	1	759 20
17	798	0.0	1	785 13
18	725	0.0	1	712 13
19	789	0.0	1	772 17
20	889	0.0	1	862 27
21	876	0.0	1	849 27
22	890	0.0	1	877 13
23	658	0.0	1	649 9
24	956	0.0	1	945 11
25	1303	0.0	1	1274 29
26	1253	0.0	1	1226 27
27	899	0.0	1	886 13
28	700	0.0	1	674 26
29	821	0.0	1	800 21
30	905	0.0	1	888 17
31	914	0.0	1	890 24
32	966	0.0	1	950 16
33	738	0.0	1	720 18
34	858	0.0	1	841 17
35	1436	0.0	1	1414 22
36	1709	0.0	1	1668 41
37	868	0.0	1	847 21
38	513	0.0	1	510 3
39	369	0.0	1	359 10
40	310	0.0	1	304 6
41	187	0.0	1	185 2
42	129	0.0	1	125 4
43	38	0.0	1	36 2
44	27	0.0	1	26 1
45	110	0.0	1	108 2
46	159	0.0	1	157 2
47	158	0.0	1	156 2
48	38	0.0	1	38
49	36	0.0	1	35 1
50	22	0.0	1	21 1
51	3	0.0	1	3
52	1	0.0	1	0 1
53	2	0.0	1	0 2
54	1	0.0	1	1
55	2	0.0	1	1 1
56	1	0.0	1	1
58	1	0.0	1	0 1
59	2	0.0	1	0 2
64	2	0.0	1	0 2
65	2	0.0	1	0 2
67	1	0.0	1	0 1
69	1	0.0	1	0 1
73	1	0.0	1	0 1
76	1	0.0	1	0 1

RUN STATISTICS FOR INPUT FILE: SPT5_T0_R1_T1_1.fastq.gz
=============================================
100000 sequences processed in total
The length threshold of paired-end sequences gets evaluated later on (in the validation step)

Writing report to 'SPT5_T0_R1_T1_2.fastq.gz_trimming_report.txt'

SUMMARISING RUN PARAMETERS
==========================
Input filename: SPT5_T0_R1_T1_2.fastq.gz
Trimming mode: paired-end
Trim Galore version: 0.6.4_dev
Cutadapt version: 2.10
Number of cores used for trimming: 1
Quality Phred score cutoff: 20
Quality encoding type selected: ASCII+33
Adapter sequence: 'CTGTCTCTTATA' (Nextera Transposase sequence; auto-detected)
Maximum trimming error rate: 0.1 (default)
Minimum required adapter overlap (stringency): 1 bp
Minimum required sequence length for both reads before a sequence pair gets removed: 20 bp
Running FastQC on the data once trimming has completed
Output file(s) will be GZIP compressed

Cutadapt seems to be fairly up-to-date (version 2.10). Setting -j -j 1
Writing final adapter and quality trimmed output to SPT5_T0_R1_T1_2_trimmed.fq.gz


  >>> Now performing quality (cutoff '-q 20') and adapter trimming in a single pass for the adapter sequence: 'CTGTCTCTTATA' from file SPT5_T0_R1_T1_2.fastq.gz <<< 
This is cutadapt 2.10 with Python 3.7.6
Command line parameters: -j 1 -e 0.1 -q 20 -O 1 -a CTGTCTCTTATA SPT5_T0_R1_T1_2.fastq.gz
Processing reads on 1 core in single-end mode ...
Finished in 3.10 s (31 us/read; 1.93 M reads/minute).

=== Summary ===

Total reads processed:                 100,000
Reads with adapters:                    52,660 (52.7%)
Reads written (passing filters):       100,000 (100.0%)

Total basepairs processed:     7,600,000 bp
Quality-trimmed:                  40,823 bp (0.5%)
Total written (filtered):      6,797,740 bp (89.4%)

=== Adapter 1 ===

Sequence: CTGTCTCTTATA; Type: regular 3'; Length: 12; Trimmed: 52660 times

No. of allowed errors:
0-9 bp: 0; 10-12 bp: 1

Bases preceding removed adapters:
  A: 17.7%
  C: 32.5%
  G: 24.4%
  T: 25.4%
  none/other: 0.0%

Overview of removed sequences
length	count	expect	max.err	error counts
1	15010	25000.0	0	15010
2	4622	6250.0	0	4622
3	1448	1562.5	0	1448
4	849	390.6	0	849
5	709	97.7	0	709
6	719	24.4	0	719
7	664	6.1	0	664
8	708	1.5	0	708
9	677	0.4	0	675 2
10	705	0.1	1	690 15
11	715	0.0	1	705 10
12	721	0.0	1	706 15
13	705	0.0	1	693 12
14	792	0.0	1	779 13
15	868	0.0	1	849 19
16	845	0.0	1	819 26
17	780	0.0	1	766 14
18	729	0.0	1	715 14
19	836	0.0	1	822 14
20	1282	0.0	1	1267 15
21	388	0.0	1	368 20
22	790	0.0	1	773 17
23	773	0.0	1	768 5
24	966	0.0	1	948 18
25	1339	0.0	1	1318 21
26	1128	0.0	1	1119 9
27	858	0.0	1	845 13
28	819	0.0	1	792 27
29	1037	0.0	1	1020 17
30	630	0.0	1	619 11
31	943	0.0	1	920 23
32	894	0.0	1	876 18
33	798	0.0	1	775 23
34	849	0.0	1	830 19
35	1407	0.0	1	1390 17
36	1636	0.0	1	1609 27
37	928	0.0	1	911 17
38	507	0.0	1	497 10
39	372	0.0	1	367 5
40	299	0.0	1	294 5
41	176	0.0	1	173 3
42	90	0.0	1	88 2
43	37	0.0	1	36 1
44	33	0.0	1	32 1
45	62	0.0	1	62
46	241	0.0	1	240 1
47	160	0.0	1	159 1
48	39	0.0	1	35 4
49	37	0.0	1	37
50	21	0.0	1	21
51	5	0.0	1	4 1
54	1	0.0	1	1
55	1	0.0	1	0 1
56	2	0.0	1	2
57	1	0.0	1	0 1
58	1	0.0	1	1
59	1	0.0	1	0 1
64	1	0.0	1	0 1
66	1	0.0	1	0 1
68	4	0.0	1	0 4
74	1	0.0	1	0 1

RUN STATISTICS FOR INPUT FILE: SPT5_T0_R1_T1_2.fastq.gz
=============================================
100000 sequences processed in total
The length threshold of paired-end sequences gets evaluated later on (in the validation step)

Validate paired-end files SPT5_T0_R1_T1_1_trimmed.fq.gz and SPT5_T0_R1_T1_2_trimmed.fq.gz
file_1: SPT5_T0_R1_T1_1_trimmed.fq.gz, file_2: SPT5_T0_R1_T1_2_trimmed.fq.gz


>>>>> Now validing the length of the 2 paired-end infiles: SPT5_T0_R1_T1_1_trimmed.fq.gz and SPT5_T0_R1_T1_2_trimmed.fq.gz <<<<<
Writing validated paired-end Read 1 reads to SPT5_T0_R1_T1_1_val_1.fq.gz
Writing validated paired-end Read 2 reads to SPT5_T0_R1_T1_2_val_2.fq.gz

Total number of sequences analysed: 100000

Number of sequence pairs removed because at least one read was shorter than the length cutoff (20 bp): 244 (0.24%)


  >>> Now running FastQC on the validated data SPT5_T0_R1_T1_1_val_1.fq.gz<<<

Started analysis of SPT5_T0_R1_T1_1_val_1.fq.gz
Approx 5% complete for SPT5_T0_R1_T1_1_val_1.fq.gz
Approx 10% complete for SPT5_T0_R1_T1_1_val_1.fq.gz
Approx 15% complete for SPT5_T0_R1_T1_1_val_1.fq.gz
Approx 20% complete for SPT5_T0_R1_T1_1_val_1.fq.gz
Approx 25% complete for SPT5_T0_R1_T1_1_val_1.fq.gz
Approx 30% complete for SPT5_T0_R1_T1_1_val_1.fq.gz
Approx 35% complete for SPT5_T0_R1_T1_1_val_1.fq.gz
Approx 40% complete for SPT5_T0_R1_T1_1_val_1.fq.gz
Approx 45% complete for SPT5_T0_R1_T1_1_val_1.fq.gz
Approx 50% complete for SPT5_T0_R1_T1_1_val_1.fq.gz
Approx 55% complete for SPT5_T0_R1_T1_1_val_1.fq.gz
Approx 60% complete for SPT5_T0_R1_T1_1_val_1.fq.gz
Approx 65% complete for SPT5_T0_R1_T1_1_val_1.fq.gz
Approx 70% complete for SPT5_T0_R1_T1_1_val_1.fq.gz
Approx 75% complete for SPT5_T0_R1_T1_1_val_1.fq.gz
Approx 80% complete for SPT5_T0_R1_T1_1_val_1.fq.gz
Approx 85% complete for SPT5_T0_R1_T1_1_val_1.fq.gz
Approx 90% complete for SPT5_T0_R1_T1_1_val_1.fq.gz
Approx 95% complete for SPT5_T0_R1_T1_1_val_1.fq.gz
Analysis complete for SPT5_T0_R1_T1_1_val_1.fq.gz

  >>> Now running FastQC on the validated data SPT5_T0_R1_T1_2_val_2.fq.gz<<<

Started analysis of SPT5_T0_R1_T1_2_val_2.fq.gz
Approx 5% complete for SPT5_T0_R1_T1_2_val_2.fq.gz
Approx 10% complete for SPT5_T0_R1_T1_2_val_2.fq.gz
Approx 15% complete for SPT5_T0_R1_T1_2_val_2.fq.gz
Approx 20% complete for SPT5_T0_R1_T1_2_val_2.fq.gz
Approx 25% complete for SPT5_T0_R1_T1_2_val_2.fq.gz
Approx 30% complete for SPT5_T0_R1_T1_2_val_2.fq.gz
Approx 35% complete for SPT5_T0_R1_T1_2_val_2.fq.gz
Approx 40% complete for SPT5_T0_R1_T1_2_val_2.fq.gz
Approx 45% complete for SPT5_T0_R1_T1_2_val_2.fq.gz
Approx 50% complete for SPT5_T0_R1_T1_2_val_2.fq.gz
Approx 55% complete for SPT5_T0_R1_T1_2_val_2.fq.gz
Approx 60% complete for SPT5_T0_R1_T1_2_val_2.fq.gz
Approx 65% complete for SPT5_T0_R1_T1_2_val_2.fq.gz
Approx 70% complete for SPT5_T0_R1_T1_2_val_2.fq.gz
Approx 75% complete for SPT5_T0_R1_T1_2_val_2.fq.gz
Approx 80% complete for SPT5_T0_R1_T1_2_val_2.fq.gz
Approx 85% complete for SPT5_T0_R1_T1_2_val_2.fq.gz
Approx 90% complete for SPT5_T0_R1_T1_2_val_2.fq.gz
Approx 95% complete for SPT5_T0_R1_T1_2_val_2.fq.gz
Analysis complete for SPT5_T0_R1_T1_2_val_2.fq.gz
Deleting both intermediate output files SPT5_T0_R1_T1_1_trimmed.fq.gz and SPT5_T0_R1_T1_2_trimmed.fq.gz

====================================================================================================

