INFO	2020-09-10 13:00:34	MarkDuplicates	

********** NOTE: Picard's command line syntax is changing.
**********
********** For more information, please see:
********** https://github.com/broadinstitute/picard/wiki/Command-Line-Syntax-Transition-For-Users-(Pre-Transition)
**********
********** The command line looks like this in the new syntax:
**********
**********    MarkDuplicates -INPUT SPT5_T15_R2_T1.Lb.sorted.bam -OUTPUT SPT5_T15_R2.mLb.mkD.sorted.bam -ASSUME_SORTED true -REMOVE_DUPLICATES false -METRICS_FILE SPT5_T15_R2.mLb.mkD.MarkDuplicates.metrics.txt -VALIDATION_STRINGENCY LENIENT -TMP_DIR tmp
**********


13:00:35.278 INFO  NativeLibraryLoader - Loading libgkl_compression.so from jar:file:/home/stain/src/92/work/conda/nf-core-chipseq-1.2.1-124f0f8d69d9dfbfcea852493605e617/share/picard-2.23.1-0/picard.jar!/com/intel/gkl/native/libgkl_compression.so
[Thu Sep 10 13:00:35 BST 2020] MarkDuplicates INPUT=[SPT5_T15_R2_T1.Lb.sorted.bam] OUTPUT=SPT5_T15_R2.mLb.mkD.sorted.bam METRICS_FILE=SPT5_T15_R2.mLb.mkD.MarkDuplicates.metrics.txt REMOVE_DUPLICATES=false ASSUME_SORTED=true TMP_DIR=[tmp] VALIDATION_STRINGENCY=LENIENT    MAX_SEQUENCES_FOR_DISK_READ_ENDS_MAP=50000 MAX_FILE_HANDLES_FOR_READ_ENDS_MAP=8000 SORTING_COLLECTION_SIZE_RATIO=0.25 TAG_DUPLICATE_SET_MEMBERS=false REMOVE_SEQUENCING_DUPLICATES=false TAGGING_POLICY=DontTag CLEAR_DT=true DUPLEX_UMI=false ADD_PG_TAG_TO_READS=true DUPLICATE_SCORING_STRATEGY=SUM_OF_BASE_QUALITIES PROGRAM_RECORD_ID=MarkDuplicates PROGRAM_GROUP_NAME=MarkDuplicates READ_NAME_REGEX=<optimized capture of last three ':' separated fields as numeric values> OPTICAL_DUPLICATE_PIXEL_DISTANCE=100 MAX_OPTICAL_DUPLICATE_SET_SIZE=300000 VERBOSITY=INFO QUIET=false COMPRESSION_LEVEL=5 MAX_RECORDS_IN_RAM=500000 CREATE_INDEX=false CREATE_MD5_FILE=false GA4GH_CLIENT_SECRETS=client_secrets.json USE_JDK_DEFLATER=false USE_JDK_INFLATER=false
[Thu Sep 10 13:00:35 BST 2020] Executing as stain@biggie.ds.s11.no on Linux 5.4.0-47-generic amd64; OpenJDK 64-Bit Server VM 11.0.8-internal+0-adhoc..src; Deflater: Intel; Inflater: Intel; Provider GCS is not available; Picard version: 2.23.1
INFO	2020-09-10 13:00:35	MarkDuplicates	Start of doWork freeMemory: 15108720; totalMemory: 20971520; maxMemory: 6442450944
INFO	2020-09-10 13:00:35	MarkDuplicates	Reading input file and constructing read end information.
INFO	2020-09-10 13:00:35	MarkDuplicates	Will retain up to 23342213 data points before spilling to disk.
WARNING	2020-09-10 13:00:35	AbstractOpticalDuplicateFinderCommandLineProgram	A field field parsed out of a read name was expected to contain an integer and did not. Read name: SRR1822158.2948354. Cause: String 'SRR1822158.2948354' did not start with a parsable number.
INFO	2020-09-10 13:00:40	MarkDuplicates	Read 188920 records. 0 pairs never matched.
INFO	2020-09-10 13:00:40	MarkDuplicates	After buildSortedReadEndLists freeMemory: 171440680; totalMemory: 386924544; maxMemory: 6442450944
INFO	2020-09-10 13:00:40	MarkDuplicates	Will retain up to 201326592 duplicate indices before spilling to disk.
INFO	2020-09-10 13:00:40	MarkDuplicates	Traversing read pair information and detecting duplicates.
INFO	2020-09-10 13:00:41	MarkDuplicates	Traversing fragment information and detecting duplicates.
INFO	2020-09-10 13:00:41	MarkDuplicates	Sorting list of duplicate records.
INFO	2020-09-10 13:00:41	MarkDuplicates	After generateDuplicateIndexes freeMemory: 1080791664; totalMemory: 2699034624; maxMemory: 6442450944
INFO	2020-09-10 13:00:41	MarkDuplicates	Marking 6046 records as duplicates.
INFO	2020-09-10 13:00:41	MarkDuplicates	Found 0 optical duplicate clusters.
INFO	2020-09-10 13:00:41	MarkDuplicates	Reads are assumed to be ordered by: coordinate
INFO	2020-09-10 13:00:44	MarkDuplicates	Writing complete. Closing input iterator.
INFO	2020-09-10 13:00:44	MarkDuplicates	Duplicate Index cleanup.
INFO	2020-09-10 13:00:44	MarkDuplicates	Getting Memory Stats.
INFO	2020-09-10 13:00:45	MarkDuplicates	Before output close freeMemory: 18507056; totalMemory: 25165824; maxMemory: 6442450944
INFO	2020-09-10 13:00:45	MarkDuplicates	Closed outputs. Getting more Memory Stats.
INFO	2020-09-10 13:00:45	MarkDuplicates	After output close freeMemory: 14605400; totalMemory: 20971520; maxMemory: 6442450944
[Thu Sep 10 13:00:45 BST 2020] picard.sam.markduplicates.MarkDuplicates done. Elapsed time: 0.17 minutes.
Runtime.totalMemory()=20971520
