
        ==========     _____ _    _ ____  _____  ______          _____  
        =====         / ____| |  | |  _ \|  __ \|  ____|   /\   |  __ \ 
          =====      | (___ | |  | | |_) | |__) | |__     /  \  | |  | |
            ====      \___ \| |  | |  _ <|  _  /|  __|   / /\ \ | |  | |
              ====    ____) | |__| | |_) | | \ \| |____ / ____ \| |__| |
        ==========   |_____/ \____/|____/|_|  \_\______/_/    \_\_____/
	  v2.0.1

//========================== featureCounts setting ===========================\\
||                                                                            ||
||             Input files : 4 BAM files                                      ||
||                           o SPT5_T0_R1.mLb.clN.bam                         ||
||                           o SPT5_T15_R2.mLb.clN.bam                        ||
||                           o SPT5_T15_R1.mLb.clN.bam                        ||
||                           o SPT5_T0_R2.mLb.clN.bam                         ||
||                                                                            ||
||             Output file : SPT5.consensus_peaks.featureCounts.txt           ||
||                 Summary : SPT5.consensus_peaks.featureCounts.txt.summary   ||
||              Annotation : SPT5.consensus_peaks.saf (SAF)                   ||
||      Dir for temp files : ./                                               ||
||                                                                            ||
||                 Threads : 2                                                ||
||                   Level : meta-feature level                               ||
||              Paired-end : yes                                              ||
||        Sorting PE Reads : never                                            ||
||                                                                            ||
||      Multimapping reads : not counted                                      ||
|| Multi-overlapping reads : counted                                          ||
||   Min overlapping bases : 1                                                ||
||   Min overlapping frac. : 20.0% to reads                                   ||
||                                                                            ||
||          Chimeric reads : counted                                          ||
||        Both ends mapped : not required                                     ||
||                                                                            ||
\\============================================================================//

//================================= Running ==================================\\
||                                                                            ||
|| Load annotation file SPT5.consensus_peaks.saf ...                          ||
||    Features : 1472                                                         ||
||    Meta-features : 1472                                                    ||
||    Chromosomes/contigs : 17                                                ||
||                                                                            ||
|| Process BAM file SPT5_T0_R1.mLb.clN.bam...                                 ||
||    Paired-end reads are included.                                          ||
||    Total alignments : 51051                                                ||
||    Successfully assigned alignments : 26454 (51.8%)                        ||
||    Running time : 0.01 minutes                                             ||
||                                                                            ||
|| Process BAM file SPT5_T15_R2.mLb.clN.bam...                                ||
||    Paired-end reads are included.                                          ||
||    Total alignments : 61435                                                ||
||    Successfully assigned alignments : 28721 (46.8%)                        ||
||    Running time : 0.01 minutes                                             ||
||                                                                            ||
|| Process BAM file SPT5_T15_R1.mLb.clN.bam...                                ||
||    Paired-end reads are included.                                          ||
||    Total alignments : 60324                                                ||
||    Successfully assigned alignments : 28536 (47.3%)                        ||
||    Running time : 0.01 minutes                                             ||
||                                                                            ||
|| Process BAM file SPT5_T0_R2.mLb.clN.bam...                                 ||
||    Paired-end reads are included.                                          ||
||    Total alignments : 42565                                                ||
||    Successfully assigned alignments : 22489 (52.8%)                        ||
||    Running time : 0.00 minutes                                             ||
||                                                                            ||
|| Write the final count table.                                               ||
|| Write the read assignment summary.                                         ||
||                                                                            ||
|| Summary of counting results can be found in file "SPT5.consensus_peaks.fe  ||
|| atureCounts.txt.summary"                                                   ||
||                                                                            ||
\\============================================================================//

