INFO	2020-09-10 13:04:38	CollectMultipleMetrics	

********** NOTE: Picard's command line syntax is changing.
**********
********** For more information, please see:
********** https://github.com/broadinstitute/picard/wiki/Command-Line-Syntax-Transition-For-Users-(Pre-Transition)
**********
********** The command line looks like this in the new syntax:
**********
**********    CollectMultipleMetrics -INPUT SPT5_T15_R2.mLb.clN.sorted.bam -OUTPUT SPT5_T15_R2.mLb.clN.CollectMultipleMetrics -REFERENCE_SEQUENCE genome.fa -VALIDATION_STRINGENCY LENIENT -TMP_DIR tmp
**********


13:04:39.622 INFO  NativeLibraryLoader - Loading libgkl_compression.so from jar:file:/home/stain/src/92/work/conda/nf-core-chipseq-1.2.1-124f0f8d69d9dfbfcea852493605e617/share/picard-2.23.1-0/picard.jar!/com/intel/gkl/native/libgkl_compression.so
[Thu Sep 10 13:04:39 BST 2020] CollectMultipleMetrics INPUT=SPT5_T15_R2.mLb.clN.sorted.bam OUTPUT=SPT5_T15_R2.mLb.clN.CollectMultipleMetrics TMP_DIR=[tmp] VALIDATION_STRINGENCY=LENIENT REFERENCE_SEQUENCE=genome.fa    ASSUME_SORTED=true STOP_AFTER=0 METRIC_ACCUMULATION_LEVEL=[ALL_READS] PROGRAM=[CollectAlignmentSummaryMetrics, CollectBaseDistributionByCycle, CollectInsertSizeMetrics, MeanQualityByCycle, QualityScoreDistribution] INCLUDE_UNPAIRED=false VERBOSITY=INFO QUIET=false COMPRESSION_LEVEL=5 MAX_RECORDS_IN_RAM=500000 CREATE_INDEX=false CREATE_MD5_FILE=false GA4GH_CLIENT_SECRETS=client_secrets.json USE_JDK_DEFLATER=false USE_JDK_INFLATER=false
[Thu Sep 10 13:04:39 BST 2020] Executing as stain@biggie.ds.s11.no on Linux 5.4.0-47-generic amd64; OpenJDK 64-Bit Server VM 11.0.8-internal+0-adhoc..src; Deflater: Intel; Inflater: Intel; Provider GCS is not available; Picard version: 2.23.1
INFO	2020-09-10 13:04:43	RExecutor	Executing R script via command: Rscript /home/stain/src/92/work/97/2d093f187ddca0096f53f328bf7354/tmp/script2154340467509445118.R /home/stain/src/92/work/97/2d093f187ddca0096f53f328bf7354/SPT5_T15_R2.mLb.clN.CollectMultipleMetrics.base_distribution_by_cycle_metrics /home/stain/src/92/work/97/2d093f187ddca0096f53f328bf7354/SPT5_T15_R2.mLb.clN.CollectMultipleMetrics.base_distribution_by_cycle.pdf SPT5_T15_R2.mLb.clN.sorted.bam SPT5_T15_R2_T1
INFO	2020-09-10 13:04:44	ProcessExecutor	null device 
INFO	2020-09-10 13:04:44	ProcessExecutor	          1 
INFO	2020-09-10 13:04:44	RExecutor	Executing R script via command: Rscript /home/stain/src/92/work/97/2d093f187ddca0096f53f328bf7354/tmp/script4890779952462244368.R /home/stain/src/92/work/97/2d093f187ddca0096f53f328bf7354/SPT5_T15_R2.mLb.clN.CollectMultipleMetrics.insert_size_metrics /home/stain/src/92/work/97/2d093f187ddca0096f53f328bf7354/SPT5_T15_R2.mLb.clN.CollectMultipleMetrics.insert_size_histogram.pdf SPT5_T15_R2.mLb.clN.sorted.bam
INFO	2020-09-10 13:04:45	ProcessExecutor	null device 
INFO	2020-09-10 13:04:45	ProcessExecutor	          1 
INFO	2020-09-10 13:04:45	RExecutor	Executing R script via command: Rscript /home/stain/src/92/work/97/2d093f187ddca0096f53f328bf7354/tmp/script12548196416332962400.R /home/stain/src/92/work/97/2d093f187ddca0096f53f328bf7354/SPT5_T15_R2.mLb.clN.CollectMultipleMetrics.quality_by_cycle_metrics /home/stain/src/92/work/97/2d093f187ddca0096f53f328bf7354/SPT5_T15_R2.mLb.clN.CollectMultipleMetrics.quality_by_cycle.pdf SPT5_T15_R2.mLb.clN.sorted.bam SPT5_T15_R2_T1
INFO	2020-09-10 13:04:45	ProcessExecutor	null device 
INFO	2020-09-10 13:04:45	ProcessExecutor	          1 
INFO	2020-09-10 13:04:45	RExecutor	Executing R script via command: Rscript /home/stain/src/92/work/97/2d093f187ddca0096f53f328bf7354/tmp/script15811288985969932965.R /home/stain/src/92/work/97/2d093f187ddca0096f53f328bf7354/SPT5_T15_R2.mLb.clN.CollectMultipleMetrics.quality_distribution_metrics /home/stain/src/92/work/97/2d093f187ddca0096f53f328bf7354/SPT5_T15_R2.mLb.clN.CollectMultipleMetrics.quality_distribution.pdf SPT5_T15_R2.mLb.clN.sorted.bam SPT5_T15_R2_T1
INFO	2020-09-10 13:04:45	ProcessExecutor	null device 
INFO	2020-09-10 13:04:45	ProcessExecutor	          1 
[Thu Sep 10 13:04:45 BST 2020] picard.analysis.CollectMultipleMetrics done. Elapsed time: 0.11 minutes.
Runtime.totalMemory()=262144000
